INFO:websockets.server:server listening on 127.0.0.1:8765
INFO:websockets.server:server listening on [::1]:8765
INFO:root:WebSocket server started on ws://localhost:8765
INFO:websockets.server:connection open
INFO:root:Server Sent: Привет define_sentiment [[{'label': 'positive', 'score': 0.6752179265022278}, {'label': 'neutral', 'score': 0.16456402838230133}, {'label': 'negative', 'score': 0.16021806001663208}], '0']
INFO:root:Server Sent:  define_sentiment [[{'label': 'positive', 'score': 0.5004075169563293}, {'label': 'neutral', 'score': 0.2437412440776825}, {'label': 'negative', 'score': 0.25585123896598816}], '0']
INFO:root:Server Sent: 123 define_sentiment [[{'label': 'positive', 'score': 0.5124911665916443}, {'label': 'neutral', 'score': 0.24742968380451202}, {'label': 'negative', 'score': 0.24007916450500488}], '0']
INFO:root:Server Sent: Привет define_sentiment [[{'label': 'positive', 'score': 0.6752179265022278}, {'label': 'neutral', 'score': 0.16456402838230133}, {'label': 'negative', 'score': 0.16021806001663208}], '0']
INFO:root:Server Sent: Мама всегда говорила, что жизнь похожа на коробку конфет. Никогда не знаешь что получишь
 define_sentiment [[{'label': 'positive', 'score': 0.22451753914356232}, {'label': 'neutral', 'score': 0.29356905817985535}, {'label': 'negative', 'score': 0.48191341757774353}], '0']
INFO:root:Server Sent: То-то, у меня такое чувство, что мы больше не в Канзасе define_sentiment [[{'label': 'positive', 'score': 0.2096080183982849}, {'label': 'neutral', 'score': 0.17865656316280365}, {'label': 'negative', 'score': 0.6117354035377502}], '0']
INFO:root:Server Sent: Да пребудет с тобой Сила define_sentiment [[{'label': 'positive', 'score': 0.3057093918323517}, {'label': 'neutral', 'score': 0.1469883769750595}, {'label': 'negative', 'score': 0.54730224609375}], '0']
INFO:root:Server Sent: May the Force be with you define_sentiment [[{'label': 'positive', 'score': 0.5570839047431946}, {'label': 'neutral', 'score': 0.1858479231595993}, {'label': 'negative', 'score': 0.2570681571960449}], '0']
INFO:root:Server Sent: Carpe diem. Seize the day, boys. Make your lives extraordinary. define_sentiment [[{'label': 'positive', 'score': 0.7282395362854004}, {'label': 'neutral', 'score': 0.06669092178344727}, {'label': 'negative', 'score': 0.20506954193115234}], '0']
INFO:root:Server Sent: May the Force be with you. define_sentiment [[{'label': 'positive', 'score': 0.5565083622932434}, {'label': 'neutral', 'score': 0.18219050765037537}, {'label': 'negative', 'score': 0.2613011598587036}], '0']
INFO:root:Server Sent: Elementary, my dear Watson. define_sentiment [[{'label': 'positive', 'score': 0.5840831398963928}, {'label': 'neutral', 'score': 0.23015262186527252}, {'label': 'negative', 'score': 0.18576428294181824}], '0']
INFO:root:Server Sent: It's alive! It's alive! define_sentiment [[{'label': 'positive', 'score': 0.8522028923034668}, {'label': 'neutral', 'score': 0.07197966426610947}, {'label': 'negative', 'score': 0.07581741362810135}], '0']
INFO:root:Server Sent: My mama always said life was like a box of chocolates. You never know what you're gonna get. define_sentiment [[{'label': 'positive', 'score': 0.2690143585205078}, {'label': 'neutral', 'score': 0.3785996437072754}, {'label': 'negative', 'score': 0.352385938167572}], '0']
INFO:root:Server Sent: I'll be back. define_sentiment [[{'label': 'positive', 'score': 0.42510363459587097}, {'label': 'neutral', 'score': 0.21442216634750366}, {'label': 'negative', 'score': 0.360474169254303}], '0']
INFO:root:Server Sent: Houston, we have a problem. define_sentiment [[{'label': 'positive', 'score': 0.1463085263967514}, {'label': 'neutral', 'score': 0.15395596623420715}, {'label': 'negative', 'score': 0.6997354626655579}], '0']
INFO:root:Server Sent: A martini. Shaken, not stirred. define_sentiment [[{'label': 'positive', 'score': 0.4216681718826294}, {'label': 'neutral', 'score': 0.4347374141216278}, {'label': 'negative', 'score': 0.1435943990945816}], '0']
INFO:root:Server Sent: Keep your friends close, but your enemies closer. define_sentiment [[{'label': 'positive', 'score': 0.4665498733520508}, {'label': 'neutral', 'score': 0.26009896397590637}, {'label': 'negative', 'score': 0.2733512222766876}], '0']
INFO:root:Server Sent: I am your father. define_sentiment [[{'label': 'positive', 'score': 0.5725459456443787}, {'label': 'neutral', 'score': 0.17949409782886505}, {'label': 'negative', 'score': 0.24795997142791748}], '0']
INFO:root:Server Sent: Just keep swimming define_sentiment [[{'label': 'positive', 'score': 0.5180433392524719}, {'label': 'neutral', 'score': 0.33639395236968994}, {'label': 'negative', 'score': 0.14556272327899933}], '0']
INFO:root:Server Sent: Toto, I've a feeling we're not in Kansas anymore. define_sentiment [[{'label': 'positive', 'score': 0.32707974314689636}, {'label': 'neutral', 'score': 0.2784232497215271}, {'label': 'negative', 'score': 0.3944970369338989}], '0']
INFO:root:Server Sent: May the Force be with you. define_sentiment [[{'label': 'positive', 'score': 0.5565083622932434}, {'label': 'neutral', 'score': 0.18219050765037537}, {'label': 'negative', 'score': 0.2613011598587036}], '0']
INFO:root:Server Sent: Elementary, my dear Watson. define_sentiment [[{'label': 'positive', 'score': 0.5840831398963928}, {'label': 'neutral', 'score': 0.23015262186527252}, {'label': 'negative', 'score': 0.18576428294181824}], '0']
INFO:root:Server Sent: My mama always said life was like a box of chocolates. You never know what you're gonna get. define_sentiment [[{'label': 'positive', 'score': 0.2690143585205078}, {'label': 'neutral', 'score': 0.3785996437072754}, {'label': 'negative', 'score': 0.352385938167572}], '0']
INFO:root:Server Sent: My precious. define_sentiment [[{'label': 'positive', 'score': 0.8350854516029358}, {'label': 'neutral', 'score': 0.07774636149406433}, {'label': 'negative', 'score': 0.08716818690299988}], '0']
INFO:root:Server Sent: I'm gonna make him an offer he can't refuse. define_sentiment [[{'label': 'positive', 'score': 0.43737292289733887}, {'label': 'neutral', 'score': 0.31141579151153564}, {'label': 'negative', 'score': 0.2512113153934479}], '0']
INFO:root:Server Sent: Go ahead, make my day. define_sentiment [[{'label': 'positive', 'score': 0.6570420861244202}, {'label': 'neutral', 'score': 0.1669696569442749}, {'label': 'negative', 'score': 0.17598825693130493}], '0']
INFO:root:Server Sent: They call me Mister Tibbs! define_sentiment [[{'label': 'positive', 'score': 0.5509861707687378}, {'label': 'neutral', 'score': 0.10468097776174545}, {'label': 'negative', 'score': 0.34433281421661377}], '0']
INFO:root:Server Sent: A martini. Shaken, not stirred. define_sentiment [[{'label': 'positive', 'score': 0.4216681718826294}, {'label': 'neutral', 'score': 0.4347374141216278}, {'label': 'negative', 'score': 0.1435943990945816}], '0']
INFO:root:Server Sent: Houston, we have a problem. define_sentiment [[{'label': 'positive', 'score': 0.1463085263967514}, {'label': 'neutral', 'score': 0.15395596623420715}, {'label': 'negative', 'score': 0.6997354626655579}], '0']
INFO:root:Server Sent:  define_sentiment [[{'label': 'positive', 'score': 0.5004075169563293}, {'label': 'neutral', 'score': 0.2437412440776825}, {'label': 'negative', 'score': 0.25585123896598816}], '0']
INFO:root:Server Sent:  define_sentiment [[{'label': 'positive', 'score': 0.5004075169563293}, {'label': 'neutral', 'score': 0.2437412440776825}, {'label': 'negative', 'score': 0.25585123896598816}], '0']
INFO:root:Server Sent: On the other hand, we denounce with righteous indignation and dislike men who are so beguiled and demoralized by the charms of pleasure of the moment, so blinded by desire, that they cannot foresee the pain and trouble that are bound to ensue; and equal blame belongs to those who fail in their duty through weakness of will, which is the same as saying through shrinking from toil and pain. These cases are perfectly simple and easy to distinguish. In a free hour, when our power of choice is untrammelled and when nothing prevents our being able to do what we like best, every pleasure is to be welcomed and every pain avoided. But in certain circumstances and owing to the claims of duty or the obligations of business it will frequently occur that pleasures have to be repudiated and annoyances accepted. The wise man therefore always holds in these matters to this principle of selection: he rejects pleasures to secure other greater pleasures, or else he endures pains to avoid worse pains. define_sentiment [[{'label': 'positive', 'score': 0.2923690974712372}, {'label': 'neutral', 'score': 0.16101138293743134}, {'label': 'negative', 'score': 0.5466194748878479}], '0']
ERROR:root:Error processing message: The size of tensor a (2589) must match the size of tensor b (512) at non-singleton dimension 1
ERROR:root:Error processing message: The size of tensor a (1964) must match the size of tensor b (512) at non-singleton dimension 1
ERROR:root:Error processing message: The size of tensor a (1224) must match the size of tensor b (512) at non-singleton dimension 1
INFO:root:Server Sent: Lorem ipsum dolor sit amet, consectetur adipiscing elit, sed do eiusmod tempor incididunt ut labore et dolore magna aliqua. Arcu dui vivamus arcu felis. Aliquet eget sit amet tellus. Turpis egestas sed tempus urna et pharetra pharetra massa massa. Suspendisse interdum consectetur libero id. Facilisis gravida neque convallis a cras semper. Mattis pellentesque id nibh tortor. Justo nec ultrices dui sapien eget mi proin sed libero. Amet aliquam id diam maecenas ultricies mi eget mauris. Sagittis aliquam malesuada bibendum arcu vitae. Id cursus metus aliquam eleifend mi in nulla. Tempus urna et pharetra pharetra. Ac odio tempor orci dapibus ultrices.

Amet consectetur adipiscing elit pellentesque habitant. Commodo nulla facilisi nullam vehicula ipsum a arcu. Magna ac placerat vestibulum lectus mauris ultrices eros in. Pellentesque habitant morbi tristique senectus et netus. Accumsan lacus vel facilisis volutpat est velit egestas dui id. Gravida dictum fusce ut placerat orci nulla pellentesque dignissim enim. In aliquam sem fringilla ut morbi tincidunt augue interdum. Ut aliquam purus sit amet luctus venenatis lectus. Massa sed elementum tempus egestas sed. Id leo in vitae turpis. Ornare lectus sit amet est. Enim praesent elementum facilisis leo. Convallis a cras semper auctor neque vitae tempus quam pellentesque. define_sentiment [[{'label': 'positive', 'score': 0.3275534212589264}, {'label': 'neutral', 'score': 0.14528590440750122}, {'label': 'negative', 'score': 0.5271607041358948}], '0']
ERROR:root:Error processing message: The size of tensor a (738) must match the size of tensor b (512) at non-singleton dimension 1
INFO:root:Server Sent: Ах ты, пидр! define_sentiment [[{'label': 'positive', 'score': 0.34989961981773376}, {'label': 'neutral', 'score': 0.17635558545589447}, {'label': 'negative', 'score': 0.4737447500228882}], '0']
INFO:root:Server Sent: Ах ты, черт! define_sentiment [[{'label': 'positive', 'score': 0.17719759047031403}, {'label': 'neutral', 'score': 0.11112414300441742}, {'label': 'negative', 'score': 0.7116782069206238}], '0']
INFO:websockets.server:connection closed
INFO:websockets.server:connection open
INFO:root:Server Sent: 
 define_sentiment [[{'label': 'positive', 'score': 0.5004075169563293}, {'label': 'neutral', 'score': 0.2437412440776825}, {'label': 'negative', 'score': 0.25585123896598816}], '0']
INFO:websockets.server:connection closed
INFO:websockets.server:connection open
INFO:root:Server Sent: If you wonder the dislike ratio:
likes: 3.1M
dislikes: 20M define_sentiment [[{'label': 'positive', 'score': 0.37526625394821167}, {'label': 'neutral', 'score': 0.18255877494812012}, {'label': 'negative', 'score': 0.4421750009059906}], '0']
INFO:root:Server Sent: let's appreciate the fact that the comment section still exists before youtube decides to remove it too. define_sentiment [[{'label': 'positive', 'score': 0.4505841135978699}, {'label': 'neutral', 'score': 0.1832616627216339}, {'label': 'negative', 'score': 0.3661542534828186}], '0']
INFO:root:Server Sent: 5:26 “lets give the people what they want” 

X to doubt define_sentiment [[{'label': 'positive', 'score': 0.31059500575065613}, {'label': 'neutral', 'score': 0.24564816057682037}, {'label': 'negative', 'score': 0.4437568485736847}], '0']
INFO:root:Server Sent: 2018: we tried but failed horribly
2019: we didn’t even try
2020: we didn’t even make one define_sentiment [[{'label': 'positive', 'score': 0.1234784871339798}, {'label': 'neutral', 'score': 0.30905115604400635}, {'label': 'negative', 'score': 0.567470371723175}], '0']
INFO:root:Server Sent: Youtube got so offended so that they removed the dislikes define_sentiment [[{'label': 'positive', 'score': 0.07210589945316315}, {'label': 'neutral', 'score': 0.08824681490659714}, {'label': 'negative', 'score': 0.8396472930908203}], '0']
INFO:root:Server Sent: “Let’s give the people what they want”
Famous last words define_sentiment [[{'label': 'positive', 'score': 0.5542845129966736}, {'label': 'neutral', 'score': 0.14822068810462952}, {'label': 'negative', 'score': 0.2974948287010193}], '0']
INFO:root:Server Sent: The irony is that YouTube created the most disliked video on YouTube. Can't get enough of that. define_sentiment [[{'label': 'positive', 'score': 0.016858205199241638}, {'label': 'neutral', 'score': 0.03624757006764412}, {'label': 'negative', 'score': 0.9468942284584045}], '0']
INFO:root:Server Sent: People of the future: this has 3M likes, 19M dislikes. Never forget define_sentiment [[{'label': 'positive', 'score': 0.19887329638004303}, {'label': 'neutral', 'score': 0.1486084908246994}, {'label': 'negative', 'score': 0.6525181531906128}], '0']
INFO:root:Server Sent: YOUTUBE BRING BACK REWINDS PLSS, the fact that we hate it is litearally the use and beauty of rewinds define_sentiment [[{'label': 'positive', 'score': 0.07037848234176636}, {'label': 'neutral', 'score': 0.04081565886735916}, {'label': 'negative', 'score': 0.8888058066368103}], '0']
INFO:root:Server Sent: Tbh this is exactly what 2018 was like define_sentiment [[{'label': 'positive', 'score': 0.3306654691696167}, {'label': 'neutral', 'score': 0.3369230628013611}, {'label': 'negative', 'score': 0.3324114978313446}], '0']
INFO:root:Server Sent: It would be ironic  if this video could get a copyright strike define_sentiment [[{'label': 'positive', 'score': 0.09740080684423447}, {'label': 'neutral', 'score': 0.08304896950721741}, {'label': 'negative', 'score': 0.8195502161979675}], '0']
INFO:root:Server Sent: I literally have completely no idea who 90% of the people in this are define_sentiment [[{'label': 'positive', 'score': 0.05103708803653717}, {'label': 'neutral', 'score': 0.669582188129425}, {'label': 'negative', 'score': 0.2793807089328766}], '0']
INFO:root:Server Sent: crazy that they removed disikes because of this define_sentiment [[{'label': 'positive', 'score': 0.11113286763429642}, {'label': 'neutral', 'score': 0.08934449404478073}, {'label': 'negative', 'score': 0.7995226979255676}], '0']
INFO:root:Server Sent: 20M Dislikes and 3.1M Likes...You can't stop us YouTube. define_sentiment [[{'label': 'positive', 'score': 0.3371775150299072}, {'label': 'neutral', 'score': 0.2407616525888443}, {'label': 'negative', 'score': 0.4220608174800873}], '0']
INFO:root:Server Sent: "We control rewind this year"

Youtube: "Here's your script" define_sentiment [[{'label': 'positive', 'score': 0.5572483539581299}, {'label': 'neutral', 'score': 0.16310496628284454}, {'label': 'negative', 'score': 0.2796466648578644}], '0']
INFO:root:Server Sent: Can we have a moment to talk about demonitization define_sentiment [[{'label': 'positive', 'score': 0.38196179270744324}, {'label': 'neutral', 'score': 0.22498467564582825}, {'label': 'negative', 'score': 0.3930535316467285}], '0']
INFO:root:Server Sent: This honestly does not look that bad compared to what "trends" we have now... define_sentiment [[{'label': 'positive', 'score': 0.3589998483657837}, {'label': 'neutral', 'score': 0.42943283915519714}, {'label': 'negative', 'score': 0.21156732738018036}], '0']
INFO:root:Server Sent: Let’s be honest, theodd1sout brought us all back here  define_sentiment [[{'label': 'positive', 'score': 0.686960756778717}, {'label': 'neutral', 'score': 0.1157606691122055}, {'label': 'negative', 'score': 0.19727860391139984}], '0']
INFO:root:Server Sent: lmao ikr define_sentiment [[{'label': 'positive', 'score': 0.42244952917099}, {'label': 'neutral', 'score': 0.25144481658935547}, {'label': 'negative', 'score': 0.32610568404197693}], '0']
INFO:root:Server Sent: People still commenting on this lmao define_sentiment [[{'label': 'positive', 'score': 0.307109534740448}, {'label': 'neutral', 'score': 0.32240068912506104}, {'label': 'negative', 'score': 0.37048977613449097}], '0']
INFO:root:Server Sent:  @andrewpotter9738  that's how bad it is lol define_sentiment [[{'label': 'positive', 'score': 0.045298635959625244}, {'label': 'neutral', 'score': 0.06779450178146362}, {'label': 'negative', 'score': 0.8869068622589111}], '0']
INFO:root:Server Sent: Mhm define_sentiment [[{'label': 'positive', 'score': 0.47146299481391907}, {'label': 'neutral', 'score': 0.24048441648483276}, {'label': 'negative', 'score': 0.2880525290966034}], '0']
INFO:root:Server Sent: So sad... define_sentiment [[{'label': 'positive', 'score': 0.05855220556259155}, {'label': 'neutral', 'score': 0.08361880481243134}, {'label': 'negative', 'score': 0.8578289151191711}], '0']
INFO:root:Server Sent: Rewind 2017 is much  better than the rewind 2018 define_sentiment [[{'label': 'positive', 'score': 0.6679397821426392}, {'label': 'neutral', 'score': 0.1785440593957901}, {'label': 'negative', 'score': 0.15351615846157074}], '0']
INFO:root:Server Sent: And then the irony that they’re removing dislikes to cover it up define_sentiment [[{'label': 'positive', 'score': 0.11942362785339355}, {'label': 'neutral', 'score': 0.11334533244371414}, {'label': 'negative', 'score': 0.7672310471534729}], '0']
INFO:root:Server Sent: YouTube is so pathetic to the point where they are going to remove dislikes. define_sentiment [[{'label': 'positive', 'score': 0.12563860416412354}, {'label': 'neutral', 'score': 0.12232164293527603}, {'label': 'negative', 'score': 0.7520397901535034}], '0']
INFO:root:Server Sent: Hehe define_sentiment [[{'label': 'positive', 'score': 0.544815719127655}, {'label': 'neutral', 'score': 0.21001777052879333}, {'label': 'negative', 'score': 0.24516651034355164}], '0']
INFO:root:Server Sent: tuff define_sentiment [[{'label': 'positive', 'score': 0.49382615089416504}, {'label': 'neutral', 'score': 0.25060757994651794}, {'label': 'negative', 'score': 0.255566269159317}], '0']
INFO:root:Server Sent: Спасибо , больше покупать не буду define_sentiment [[{'label': 'positive', 'score': 0.11929390579462051}, {'label': 'neutral', 'score': 0.10779852420091629}, {'label': 'negative', 'score': 0.7729076147079468}], '0']
INFO:root:Server Sent: Тсусиму сразу напомнило define_sentiment [[{'label': 'positive', 'score': 0.4113159477710724}, {'label': 'neutral', 'score': 0.1739593744277954}, {'label': 'negative', 'score': 0.41472458839416504}], '0']
INFO:root:Server Sent: Здравствуйте. И по чем такой дом? define_sentiment [[{'label': 'positive', 'score': 0.6369285583496094}, {'label': 'neutral', 'score': 0.1531897634267807}, {'label': 'negative', 'score': 0.20988164842128754}], '0']
INFO:root:Server Sent: Судя по пейзажу и направлению съемки - это Вознесенский монастырь. На заднем плане - дер. Жилкино и высокий правый берег Ангары. define_sentiment [[{'label': 'positive', 'score': 0.5701263546943665}, {'label': 'neutral', 'score': 0.15487724542617798}, {'label': 'negative', 'score': 0.27499639987945557}], '0']
INFO:root:Server Sent: Это количество героев ничего не изменят, все они будут под присмотром. define_sentiment [[{'label': 'positive', 'score': 0.1508476734161377}, {'label': 'neutral', 'score': 0.3885168433189392}, {'label': 'negative', 'score': 0.46063554286956787}], '0']
INFO:root:Server Sent: Серё, а ты кого на свой черепок-аватар к вечеру нацепил? define_sentiment [[{'label': 'positive', 'score': 0.2044781744480133}, {'label': 'neutral', 'score': 0.24090507626533508}, {'label': 'negative', 'score': 0.5546167492866516}], '0']
INFO:root:Server Sent: Ольга, скучно слушать вас, скучно 🥱) второй раз бредни постити свои. define_sentiment [[{'label': 'positive', 'score': 0.5600566267967224}, {'label': 'neutral', 'score': 0.1503106951713562}, {'label': 'negative', 'score': 0.2896327078342438}], '0']
INFO:root:Server Sent: Желающих много, грех упускать такую возможность) define_sentiment [[{'label': 'positive', 'score': 0.2385014444589615}, {'label': 'neutral', 'score': 0.16909778118133545}, {'label': 'negative', 'score': 0.5924007296562195}], '0']
INFO:root:Server Sent: лучше пусть Президент России приедет в обычную школу скажем в Туле и прочее и проведет урок Детям 12 июня по полной программе и с физкультурой тоже define_sentiment [[{'label': 'positive', 'score': 0.7318633794784546}, {'label': 'neutral', 'score': 0.10088098794221878}, {'label': 'negative', 'score': 0.16725566983222961}], '0']
INFO:root:Server Sent: К концу 2024 года возможно ЕС развалится.
Главная гинекологичка гейопы и испанский алкаш - бордель поспособствовали этому. define_sentiment [[{'label': 'positive', 'score': 0.5805099010467529}, {'label': 'neutral', 'score': 0.13581371307373047}, {'label': 'negative', 'score': 0.2836764454841614}], '0']
INFO:root:Server Sent: Елена, ну может ЕС то и не развалится сам по себе, но к концу года точно станет ещё слабее, если не перестанет укротеррористам поставки организовывать define_sentiment [[{'label': 'positive', 'score': 0.1558426320552826}, {'label': 'neutral', 'score': 0.40288835763931274}, {'label': 'negative', 'score': 0.4412689805030823}], '0']
INFO:root:Server Sent: Комментарий удалён пользователем или руководителем страницы define_sentiment [[{'label': 'positive', 'score': 0.3818223774433136}, {'label': 'neutral', 'score': 0.2177094966173172}, {'label': 'negative', 'score': 0.4004680812358856}], '0']
INFO:root:Server Sent: ... Ну-ну ... define_sentiment [[{'label': 'positive', 'score': 0.2540477514266968}, {'label': 'neutral', 'score': 0.3240756094455719}, {'label': 'negative', 'score': 0.4218766987323761}], '0']
INFO:root:Server Sent: Комментарий удалён пользователем или руководителем страницы define_sentiment [[{'label': 'positive', 'score': 0.3818223774433136}, {'label': 'neutral', 'score': 0.2177094966173172}, {'label': 'negative', 'score': 0.4004680812358856}], '0']
INFO:root:Server Sent: Все эти "фестивали красок" - закамуфлированные гей-парады define_sentiment [[{'label': 'positive', 'score': 0.5707731246948242}, {'label': 'neutral', 'score': 0.11866670101881027}, {'label': 'negative', 'score': 0.3105601668357849}], '0']
INFO:root:Server Sent: Сколько стыда и позора после развала СССР. Люди, почти из всех республик СССР сами напрашиваются быть рабами запада. Раньше немцы насильно забирали людей работать в концлагеря, сегодня потомки фашистов в восторге от того что бывшие Советские граждани друг друга убывают за кусок хлеба и борются за своё место в немецком или французском лагере для беженцев. Одно слова Америки и готовы умереть за них. Никакого достоинства у людей больше не осталось, все продаются за деньги. define_sentiment [[{'label': 'positive', 'score': 0.25985345244407654}, {'label': 'neutral', 'score': 0.11334842443466187}, {'label': 'negative', 'score': 0.626798152923584}], '0']
INFO:root:Server Sent: В Севастопале есть площадь Нахимова. Заметьте, Наh им мова ... define_sentiment [[{'label': 'positive', 'score': 0.5169299840927124}, {'label': 'neutral', 'score': 0.17613369226455688}, {'label': 'negative', 'score': 0.3069363534450531}], '0']
INFO:root:Server Sent: всех бандерлогов и ждунов нато депортировать в их польши обожаемые define_sentiment [[{'label': 'positive', 'score': 0.17578871548175812}, {'label': 'neutral', 'score': 0.12322056293487549}, {'label': 'negative', 'score': 0.7009907960891724}], '0']
INFO:root:Server Sent: Юрий, клубнику собирать и унитазы чистить. define_sentiment [[{'label': 'positive', 'score': 0.6203005909919739}, {'label': 'neutral', 'score': 0.1410141885280609}, {'label': 'negative', 'score': 0.23868517577648163}], '0']
INFO:root:Server Sent: Цель высадки не помощь СССР, а захват и оккупация Европы. Которая длится по сей день. define_sentiment [[{'label': 'positive', 'score': 0.21439699828624725}, {'label': 'neutral', 'score': 0.33895933628082275}, {'label': 'negative', 'score': 0.4466436505317688}], '0']
INFO:root:Server Sent: Все скоро там будут define_sentiment [[{'label': 'positive', 'score': 0.46081286668777466}, {'label': 'neutral', 'score': 0.2640983462333679}, {'label': 'negative', 'score': 0.2750888168811798}], '0']
INFO:root:Server Sent: Могли и не высаживаться, толку от них было не много. Поняли что Сталин пройдётся по Европе и дристанули что их капитализм рухнет define_sentiment [[{'label': 'positive', 'score': 0.128793403506279}, {'label': 'neutral', 'score': 0.2751885652542114}, {'label': 'negative', 'score': 0.5960180163383484}], '0']
INFO:root:Server Sent: Эпичность где???
Я вижу лишь банальную рутину войны. define_sentiment [[{'label': 'positive', 'score': 0.20889344811439514}, {'label': 'neutral', 'score': 0.21722574532032013}, {'label': 'negative', 'score': 0.5738807916641235}], '0']
INFO:root:Server Sent: Сергей, скорее операции, чем войны с нашей стороны. define_sentiment [[{'label': 'positive', 'score': 0.270677775144577}, {'label': 'neutral', 'score': 0.304513156414032}, {'label': 'negative', 'score': 0.4248090386390686}], '0']
INFO:root:Server Sent: Василий, "операция" - эт когда аппендикс вырезают. "спец.операция" - эт когда шальную банду в горах выслеживают и к ногтю прижимают. А война - эт когда в течении нескольких лет, идёт сражение между государствами, или крупными людскими объединениями, с применением тяжёлой артиллерии, авиации, чёткой линией фронта и прочее.
Нынешние события на территории Окраины, можно было считать спец.операцией от силы первые 3 недели, от силы! Дальше - это уже полноценная война. Кстати данное действо, даже Дмитрий Медведев именует именно войной (если Вам принципиальны официальные формулировки). define_sentiment [[{'label': 'positive', 'score': 0.15969453752040863}, {'label': 'neutral', 'score': 0.10315226018428802}, {'label': 'negative', 'score': 0.737153172492981}], '0']
INFO:root:Server Sent: FPV-дроны как раз этим и хороши, что все таки могут показать буквально от первого лица все бои, через которые проходят наши солдаты ежедневно! define_sentiment [[{'label': 'positive', 'score': 0.6599506139755249}, {'label': 'neutral', 'score': 0.06213340535759926}, {'label': 'negative', 'score': 0.27791598439216614}], '0']
INFO:root:Server Sent: Удачи!  define_sentiment [[{'label': 'positive', 'score': 0.874413013458252}, {'label': 'neutral', 'score': 0.050607990473508835}, {'label': 'negative', 'score': 0.07497897744178772}], '0']
INFO:root:Server Sent: Знаменитая западная демократия define_sentiment [[{'label': 'positive', 'score': 0.8542636036872864}, {'label': 'neutral', 'score': 0.04957740381360054}, {'label': 'negative', 'score': 0.09615897387266159}], '0']
INFO:root:Server Sent: Надо всё таки с ними прямую границу иметь  define_sentiment [[{'label': 'positive', 'score': 0.4376312792301178}, {'label': 'neutral', 'score': 0.21569961309432983}, {'label': 'negative', 'score': 0.34666910767555237}], '0']
INFO:root:Server Sent: Молдавская дерьмократия она такая define_sentiment [[{'label': 'positive', 'score': 0.38049429655075073}, {'label': 'neutral', 'score': 0.2301895022392273}, {'label': 'negative', 'score': 0.389316201210022}], '0']
INFO:root:Server Sent: Кирилл, румынская потому что румыны оккупировали Молдавию как и Малороссию оккупировали укражыды define_sentiment [[{'label': 'positive', 'score': 0.40135428309440613}, {'label': 'neutral', 'score': 0.13973169028759003}, {'label': 'negative', 'score': 0.45891398191452026}], '0']
INFO:root:Server Sent: даже в шахматах рукодствуются не здравым смыслом, а политическими мотивами, поэтому ФИДЕ и вставляет палки в колеса россиянам define_sentiment [[{'label': 'positive', 'score': 0.24521195888519287}, {'label': 'neutral', 'score': 0.3014044165611267}, {'label': 'negative', 'score': 0.4533836543560028}], '0']
INFO:root:Server Sent: Русским. define_sentiment [[{'label': 'positive', 'score': 0.49035367369651794}, {'label': 'neutral', 'score': 0.20921579003334045}, {'label': 'negative', 'score': 0.30043044686317444}], '0']
INFO:root:Server Sent: Они даже в выставках кошек руководствуются политическими мотивами define_sentiment [[{'label': 'positive', 'score': 0.4449390172958374}, {'label': 'neutral', 'score': 0.1608903557062149}, {'label': 'negative', 'score': 0.3941706418991089}], '0']
INFO:root:Server Sent: Обычное дело для запада. К тому же боятся они наших шахматистов и шахматисток, которые постоянно представляют серьезный вызов для западных спортсменов define_sentiment [[{'label': 'positive', 'score': 0.47936731576919556}, {'label': 'neutral', 'score': 0.11688466370105743}, {'label': 'negative', 'score': 0.40374794602394104}], '0']
INFO:root:Server Sent: Руслан, вот именно , они с какой-то стати решили , что закон им не писан и все решает в мире США ) define_sentiment [[{'label': 'positive', 'score': 0.17126233875751495}, {'label': 'neutral', 'score': 0.22876666486263275}, {'label': 'negative', 'score': 0.5999709367752075}], '0']
INFO:root:Server Sent: может хватит выражать озабоченность создавайте свои олимпиады свои федерации и приглашайте друзей а не заднеприводных западников они уже отстой и им приходит конец! define_sentiment [[{'label': 'positive', 'score': 0.37520602345466614}, {'label': 'neutral', 'score': 0.12717647850513458}, {'label': 'negative', 'score': 0.49761757254600525}], '0']
INFO:root:Server Sent: даже президенты Лаоса, Кубы и Гвинеи приехали, такое впервые по моему, но Россия всем рада define_sentiment [[{'label': 'positive', 'score': 0.2665932774543762}, {'label': 'neutral', 'score': 0.2840558886528015}, {'label': 'negative', 'score': 0.4493507742881775}], '0']
INFO:root:Server Sent: Правильная подборка define_sentiment [[{'label': 'positive', 'score': 0.5305420160293579}, {'label': 'neutral', 'score': 0.2029125988483429}, {'label': 'negative', 'score': 0.2665453255176544}], '0']
INFO:root:Server Sent: Спасибо, это очень важная, и актуальная сейчас подборка define_sentiment [[{'label': 'positive', 'score': 0.1873028427362442}, {'label': 'neutral', 'score': 0.07455739378929138}, {'label': 'negative', 'score': 0.7381396889686584}], '0']
INFO:root:Server Sent: Все говорят о , том, что случилось. Страшно, больно. А, террористов задержали? Или, они, среди людей растворились.? define_sentiment [[{'label': 'positive', 'score': 0.045915912836790085}, {'label': 'neutral', 'score': 0.04527595266699791}, {'label': 'negative', 'score': 0.9088081121444702}], '0']
INFO:root:Server Sent: не задержаны define_sentiment [[{'label': 'positive', 'score': 0.3537169098854065}, {'label': 'neutral', 'score': 0.49278685450553894}, {'label': 'negative', 'score': 0.15349625051021576}], '0']
INFO:root:Server Sent: А Белгород в это время бомбят. Люди погибают... Очень весело. Пир во время чумы.... define_sentiment [[{'label': 'positive', 'score': 0.08649655431509018}, {'label': 'neutral', 'score': 0.08160276710987091}, {'label': 'negative', 'score': 0.8319007158279419}], '0']
INFO:root:Server Sent: Greetings parents and congratulations to Kenyon’s graduating class of 2005. There are these two young fish swimming along and they happen to meet an older fish swimming the other way, who nods at them and says “Morning, boys. How’s the water?” And the two young fish swim on for a bit, and then eventually one of them looks over at the other and goes “What the hell is water?” define_sentiment [[{'label': 'positive', 'score': 0.3752167522907257}, {'label': 'neutral', 'score': 0.20939713716506958}, {'label': 'negative', 'score': 0.4153861105442047}], '0']
ERROR:root:Error processing message: The size of tensor a (5356) must match the size of tensor b (512) at non-singleton dimension 1
INFO:root:Server Sent: This is a standard requirement of US commencement speeches, the deployment of didactic little parable-ish stories. The story thing turns out to be one of the better, less bullshitty conventions of the genre, but if you’re worried that I plan to present myself here as the wise, older fish explaining what water is to you younger fish, please don’t be. I am not the wise old fish. The point of the fish story is merely that the most obvious, important realities are often the ones that are hardest to see and talk about. Stated as an English sentence, of course, this is just a banal platitude, but the fact is that in the day to day trenches of adult existence, banal platitudes can have a life or death importance, or so I wish to suggest to you on this dry and lovely morning. define_sentiment [[{'label': 'positive', 'score': 0.23997247219085693}, {'label': 'neutral', 'score': 0.2771800756454468}, {'label': 'negative', 'score': 0.4828473925590515}], '0']
INFO:root:Server Sent: Of course the main requirement of speeches like this is that I’m supposed to talk about your liberal arts education’s meaning, to try to explain why the degree you are about to receive has actual human value instead of just a material payoff. So let’s talk about the single most pervasive cliché in the commencement speech genre, which is that a liberal arts education is not so much about filling you up with knowledge as it is about “teaching you how to think.” If you’re like me as a student, you’ve never liked hearing this, and you tend to feel a bit insulted by the claim that you needed anybody to teach you how to think, since the fact that you even got admitted to a college this good seems like proof that you already know how to think. But I’m going to posit to you that the liberal arts cliché turns out not to be insulting at all, because the really significant education in thinking that we’re supposed to get in a place like this isn’t really about the capacity to think, but rather about the choice of what to think about. If your total freedom of choice regarding what to think about seems too obvious to waste time discussing, I’d ask you to think about fish and water, and to bracket for just a few minutes your scepticism about the value of the totally obvious. define_sentiment [[{'label': 'positive', 'score': 0.10279304534196854}, {'label': 'neutral', 'score': 0.22077356278896332}, {'label': 'negative', 'score': 0.6764334440231323}], '0']
INFO:root:Server Sent: How’s this for the good life? You’re rich, and you made the dough yourself. You’re well into your 80s, and have spent hardly a day in the hospital. Your wife had a cancer scare, but she’s recovered and by your side, just as she’s been for more than 60 years. Asked to rate the marriage on a scale of 1 to 9, where 1 is perfectly miserable and 9 is perfectly happy, you circle the highest number. You’ve got two good kids, grandkids too. A survey asks you: “If you had your life to live over again, what problem, if any, would you have sought help for and to whom would you have gone?” “Probably I am fooling myself,” you write, “but I don’t think I would want to change anything.” If only we could take what you’ve done, reduce it to a set of rules, and apply it systematically. define_sentiment [[{'label': 'positive', 'score': 0.672671377658844}, {'label': 'neutral', 'score': 0.1027965396642685}, {'label': 'negative', 'score': 0.2245321124792099}], '0']
INFO:root:Server Sent: Bock assembled a team that spanned medicine, physiology, anthropology, psychiatry, psychology, and social work, and was advised by such luminaries as the psychiatrist Adolf Meyer and the psychologist Henry Murray. Combing through health data, academic records, and recommendations from the Harvard dean, they chose 268 students—mostly from the classes of 1942, ’43, and ’44—and measured them from every conceivable angle and with every available scientific tool. define_sentiment [[{'label': 'positive', 'score': 0.5225871801376343}, {'label': 'neutral', 'score': 0.19888652861118317}, {'label': 'negative', 'score': 0.27852633595466614}], '0']
INFO:root:Server Sent: But as Vaillant points out, longitudinal studies, like wines, improve with age. And as the Grant Study men entered middle age—they spent their 40s in the 1960s—many achieved dramatic success. Four members of the sample ran for the U.S. Senate. One served in a presidential Cabinet, and one was president. There was a best-selling novelist (not, Vaillant has revealed, Norman Mailer, Harvard class of ’43). But hidden amid the shimmering successes were darker hues. As early as 1948, 20 members of the group displayed severe psychiatric difficulties. By age 50, almost a third of the men had at one time or another met Vaillant’s criteria for mental illness. Underneath the tweed jackets of these Harvard elites beat troubled hearts. Arlie Bock didn’t get it. “They were normal when I picked them,” he told Vaillant in the 1960s. “It must have been the psychiatrists who screwed them up.” define_sentiment [[{'label': 'positive', 'score': 0.09503466635942459}, {'label': 'neutral', 'score': 0.15007981657981873}, {'label': 'negative', 'score': 0.7548854947090149}], '0']
INFO:websockets.server:connection closed
INFO:websockets.server:connection open
INFO:root:Server Sent: As a child, you played all the sports, were good to your two sisters, and loved church. You and some other boys from Sunday school—it met at your house—used to study the families in your neighborhood, choosing one every year to present with Christmas baskets. When the garbageman’s wife found out you had polio, she cried. But you recovered fully, that was your way. “I could discover no problems of importance,” the study’s social worker concluded after seeing your family. “The atmosphere of the home is one of happiness and harmony.” define_sentiment [[{'label': 'positive', 'score': 0.8044366240501404}, {'label': 'neutral', 'score': 0.12142162770032883}, {'label': 'negative', 'score': 0.07414176315069199}], '0']
INFO:websockets.server:connection closed
